<?xml version="1.0" encoding="UTF-8"?>
<!-- Generated by org.testng.reporters.JUnitReportReporter -->
<testsuite hostname="TL1103" failures="0" tests="2" name="runner.RunnerClass" time="11.887" errors="0" timestamp="2025-08-06T12:45:40 IST" skipped="0">
  <testcase classname="runner.RunnerClass" name="runScenario" time="5.419"/>
  <system-out/>
  <testcase classname="runner.RunnerClass" name="runScenario" time="6.468"/>
  <system-out/>
</testsuite> <!-- runner.RunnerClass -->
